{"/home/matheus/Área de Trabalho/project-Triibo-backend-MatheusCintra/src/controllers/UserController.ts": {"path":"/home/matheus/Área de Trabalho/project-Triibo-backend-MatheusCintra/src/controllers/UserController.ts","statementMap":{"0":{"start":{"line":12,"column":20},"end":{"line":12,"column":37}},"1":{"start":{"line":15,"column":17},"end":{"line":15,"column":34}},"2":{"start":{"line":21,"column":4},"end":{"line":26,"column":5}},"3":{"start":{"line":22,"column":20},"end":{"line":22,"column":48}},"4":{"start":{"line":23,"column":6},"end":{"line":23,"column":48}},"5":{"start":{"line":25,"column":6},"end":{"line":25,"column":94}},"6":{"start":{"line":30,"column":19},"end":{"line":30,"column":29}},"7":{"start":{"line":31,"column":29},"end":{"line":31,"column":51}},"8":{"start":{"line":33,"column":4},"end":{"line":36,"column":5}},"9":{"start":{"line":34,"column":6},"end":{"line":34,"column":73}},"10":{"start":{"line":35,"column":6},"end":{"line":35,"column":88}},"11":{"start":{"line":38,"column":4},"end":{"line":47,"column":5}},"12":{"start":{"line":39,"column":29},"end":{"line":39,"column":62}},"13":{"start":{"line":40,"column":8},"end":{"line":42,"column":9}},"14":{"start":{"line":41,"column":10},"end":{"line":41,"column":97}},"15":{"start":{"line":44,"column":8},"end":{"line":44,"column":31}},"16":{"start":{"line":46,"column":6},"end":{"line":46,"column":94}},"17":{"start":{"line":51,"column":21},"end":{"line":51,"column":29}},"18":{"start":{"line":53,"column":29},"end":{"line":53,"column":55}},"19":{"start":{"line":55,"column":4},"end":{"line":58,"column":5}},"20":{"start":{"line":56,"column":6},"end":{"line":56,"column":73}},"21":{"start":{"line":57,"column":6},"end":{"line":57,"column":54}},"22":{"start":{"line":60,"column":49},"end":{"line":60,"column":57}},"23":{"start":{"line":62,"column":4},"end":{"line":75,"column":5}},"24":{"start":{"line":63,"column":29},"end":{"line":63,"column":83}},"25":{"start":{"line":64,"column":6},"end":{"line":64,"column":55}},"26":{"start":{"line":66,"column":33},"end":{"line":66,"column":94}},"27":{"start":{"line":68,"column":6},"end":{"line":68,"column":72}},"28":{"start":{"line":70,"column":6},"end":{"line":74,"column":7}},"29":{"start":{"line":71,"column":8},"end":{"line":71,"column":83}},"30":{"start":{"line":73,"column":10},"end":{"line":73,"column":138}},"31":{"start":{"line":79,"column":19},"end":{"line":79,"column":29}},"32":{"start":{"line":80,"column":21},"end":{"line":80,"column":29}},"33":{"start":{"line":82,"column":29},"end":{"line":82,"column":51}},"34":{"start":{"line":84,"column":29},"end":{"line":84,"column":55}},"35":{"start":{"line":86,"column":4},"end":{"line":89,"column":5}},"36":{"start":{"line":87,"column":6},"end":{"line":87,"column":73}},"37":{"start":{"line":88,"column":6},"end":{"line":88,"column":88}},"38":{"start":{"line":91,"column":49},"end":{"line":91,"column":57}},"39":{"start":{"line":93,"column":4},"end":{"line":96,"column":5}},"40":{"start":{"line":94,"column":8},"end":{"line":94,"column":74}},"41":{"start":{"line":95,"column":8},"end":{"line":95,"column":91}},"42":{"start":{"line":98,"column":4},"end":{"line":110,"column":5}},"43":{"start":{"line":99,"column":31},"end":{"line":99,"column":85}},"44":{"start":{"line":100,"column":8},"end":{"line":100,"column":57}},"45":{"start":{"line":102,"column":35},"end":{"line":102,"column":100}},"46":{"start":{"line":103,"column":8},"end":{"line":103,"column":70}},"47":{"start":{"line":105,"column":8},"end":{"line":109,"column":9}},"48":{"start":{"line":106,"column":12},"end":{"line":106,"column":88}},"49":{"start":{"line":108,"column":12},"end":{"line":108,"column":124}},"50":{"start":{"line":115,"column":19},"end":{"line":115,"column":29}},"51":{"start":{"line":116,"column":29},"end":{"line":116,"column":51}},"52":{"start":{"line":118,"column":4},"end":{"line":121,"column":5}},"53":{"start":{"line":119,"column":6},"end":{"line":119,"column":73}},"54":{"start":{"line":120,"column":6},"end":{"line":120,"column":88}},"55":{"start":{"line":124,"column":4},"end":{"line":134,"column":5}},"56":{"start":{"line":125,"column":6},"end":{"line":125,"column":39}},"57":{"start":{"line":126,"column":6},"end":{"line":126,"column":59}},"58":{"start":{"line":129,"column":6},"end":{"line":133,"column":7}},"59":{"start":{"line":130,"column":10},"end":{"line":130,"column":84}},"60":{"start":{"line":132,"column":10},"end":{"line":132,"column":122}}},"fnMap":{"0":{"name":"(anonymous_0)","decl":{"start":{"line":20,"column":2},"end":{"line":20,"column":3}},"loc":{"start":{"line":20,"column":50},"end":{"line":27,"column":3}},"line":20},"1":{"name":"(anonymous_1)","decl":{"start":{"line":29,"column":2},"end":{"line":29,"column":3}},"loc":{"start":{"line":29,"column":48},"end":{"line":48,"column":3}},"line":29},"2":{"name":"(anonymous_2)","decl":{"start":{"line":50,"column":2},"end":{"line":50,"column":3}},"loc":{"start":{"line":50,"column":50},"end":{"line":76,"column":3}},"line":50},"3":{"name":"(anonymous_3)","decl":{"start":{"line":78,"column":2},"end":{"line":78,"column":3}},"loc":{"start":{"line":78,"column":50},"end":{"line":111,"column":3}},"line":78},"4":{"name":"(anonymous_4)","decl":{"start":{"line":114,"column":2},"end":{"line":114,"column":3}},"loc":{"start":{"line":114,"column":51},"end":{"line":135,"column":3}},"line":114}},"branchMap":{"0":{"loc":{"start":{"line":33,"column":4},"end":{"line":36,"column":5}},"type":"if","locations":[{"start":{"line":33,"column":4},"end":{"line":36,"column":5}},{"start":{},"end":{}}],"line":33},"1":{"loc":{"start":{"line":40,"column":8},"end":{"line":42,"column":9}},"type":"if","locations":[{"start":{"line":40,"column":8},"end":{"line":42,"column":9}},{"start":{},"end":{}}],"line":40},"2":{"loc":{"start":{"line":55,"column":4},"end":{"line":58,"column":5}},"type":"if","locations":[{"start":{"line":55,"column":4},"end":{"line":58,"column":5}},{"start":{},"end":{}}],"line":55},"3":{"loc":{"start":{"line":70,"column":6},"end":{"line":74,"column":7}},"type":"if","locations":[{"start":{"line":70,"column":6},"end":{"line":74,"column":7}},{"start":{"line":72,"column":13},"end":{"line":74,"column":7}}],"line":70},"4":{"loc":{"start":{"line":86,"column":4},"end":{"line":89,"column":5}},"type":"if","locations":[{"start":{"line":86,"column":4},"end":{"line":89,"column":5}},{"start":{},"end":{}}],"line":86},"5":{"loc":{"start":{"line":93,"column":4},"end":{"line":96,"column":5}},"type":"if","locations":[{"start":{"line":93,"column":4},"end":{"line":96,"column":5}},{"start":{},"end":{}}],"line":93},"6":{"loc":{"start":{"line":105,"column":8},"end":{"line":109,"column":9}},"type":"if","locations":[{"start":{"line":105,"column":8},"end":{"line":109,"column":9}},{"start":{"line":107,"column":15},"end":{"line":109,"column":9}}],"line":105},"7":{"loc":{"start":{"line":118,"column":4},"end":{"line":121,"column":5}},"type":"if","locations":[{"start":{"line":118,"column":4},"end":{"line":121,"column":5}},{"start":{},"end":{}}],"line":118},"8":{"loc":{"start":{"line":129,"column":6},"end":{"line":133,"column":7}},"type":"if","locations":[{"start":{"line":129,"column":6},"end":{"line":133,"column":7}},{"start":{"line":131,"column":13},"end":{"line":133,"column":7}}],"line":129}},"s":{"0":1,"1":1,"2":0,"3":0,"4":0,"5":0,"6":0,"7":0,"8":0,"9":0,"10":0,"11":0,"12":0,"13":0,"14":0,"15":0,"16":0,"17":0,"18":0,"19":0,"20":0,"21":0,"22":0,"23":0,"24":0,"25":0,"26":0,"27":0,"28":0,"29":0,"30":0,"31":0,"32":0,"33":0,"34":0,"35":0,"36":0,"37":0,"38":0,"39":0,"40":0,"41":0,"42":0,"43":0,"44":0,"45":0,"46":0,"47":0,"48":0,"49":0,"50":0,"51":0,"52":0,"53":0,"54":0,"55":0,"56":0,"57":0,"58":0,"59":0,"60":0},"f":{"0":0,"1":0,"2":0,"3":0,"4":0},"b":{"0":[0,0],"1":[0,0],"2":[0,0],"3":[0,0],"4":[0,0],"5":[0,0],"6":[0,0],"7":[0,0],"8":[0,0]},"_coverageSchema":"1a1c01bbd47fc00a2c39e90264f33305004495a9","hash":"f60dd688a03ad6baaf4e3d941988303ec22d10c9"}
,"/home/matheus/Área de Trabalho/project-Triibo-backend-MatheusCintra/src/lib/prisma.ts": {"path":"/home/matheus/Área de Trabalho/project-Triibo-backend-MatheusCintra/src/lib/prisma.ts","statementMap":{"0":{"start":{"line":3,"column":22},"end":{"line":5,"column":2}}},"fnMap":{},"branchMap":{},"s":{"0":1},"f":{},"b":{},"_coverageSchema":"1a1c01bbd47fc00a2c39e90264f33305004495a9","hash":"49d2d8afd955141f7c2e9fd38dc0cd6bd8f166b0"}
,"/home/matheus/Área de Trabalho/project-Triibo-backend-MatheusCintra/src/models/AddressModel.ts": {"path":"/home/matheus/Área de Trabalho/project-Triibo-backend-MatheusCintra/src/models/AddressModel.ts","statementMap":{"0":{"start":{"line":8,"column":4},"end":{"line":18,"column":7}},"1":{"start":{"line":22,"column":28},"end":{"line":26,"column":6}},"2":{"start":{"line":27,"column":4},"end":{"line":27,"column":27}},"3":{"start":{"line":31,"column":20},"end":{"line":31,"column":77}},"4":{"start":{"line":33,"column":4},"end":{"line":35,"column":5}},"5":{"start":{"line":34,"column":6},"end":{"line":34,"column":74}},"6":{"start":{"line":37,"column":4},"end":{"line":47,"column":7}},"7":{"start":{"line":51,"column":4},"end":{"line":51,"column":61}}},"fnMap":{"0":{"name":"(anonymous_0)","decl":{"start":{"line":7,"column":2},"end":{"line":7,"column":3}},"loc":{"start":{"line":7,"column":125},"end":{"line":19,"column":3}},"line":7},"1":{"name":"(anonymous_1)","decl":{"start":{"line":21,"column":2},"end":{"line":21,"column":3}},"loc":{"start":{"line":21,"column":50},"end":{"line":28,"column":3}},"line":21},"2":{"name":"(anonymous_2)","decl":{"start":{"line":30,"column":2},"end":{"line":30,"column":3}},"loc":{"start":{"line":30,"column":125},"end":{"line":48,"column":3}},"line":30},"3":{"name":"(anonymous_3)","decl":{"start":{"line":50,"column":2},"end":{"line":50,"column":3}},"loc":{"start":{"line":50,"column":53},"end":{"line":52,"column":3}},"line":50}},"branchMap":{"0":{"loc":{"start":{"line":33,"column":4},"end":{"line":35,"column":5}},"type":"if","locations":[{"start":{"line":33,"column":4},"end":{"line":35,"column":5}},{"start":{},"end":{}}],"line":33}},"s":{"0":0,"1":0,"2":0,"3":0,"4":0,"5":0,"6":0,"7":0},"f":{"0":0,"1":0,"2":0,"3":0},"b":{"0":[0,0]},"_coverageSchema":"1a1c01bbd47fc00a2c39e90264f33305004495a9","hash":"23b8eacdcec4d3ff736609d18e729f02430a340c"}
,"/home/matheus/Área de Trabalho/project-Triibo-backend-MatheusCintra/src/models/UserModel.ts": {"path":"/home/matheus/Área de Trabalho/project-Triibo-backend-MatheusCintra/src/models/UserModel.ts","statementMap":{"0":{"start":{"line":15,"column":4},"end":{"line":19,"column":5}},"1":{"start":{"line":16,"column":6},"end":{"line":16,"column":52}},"2":{"start":{"line":18,"column":6},"end":{"line":18,"column":17}},"3":{"start":{"line":23,"column":4},"end":{"line":31,"column":5}},"4":{"start":{"line":24,"column":19},"end":{"line":27,"column":8}},"5":{"start":{"line":28,"column":6},"end":{"line":28,"column":17}},"6":{"start":{"line":30,"column":6},"end":{"line":30,"column":17}},"7":{"start":{"line":35,"column":4},"end":{"line":40,"column":5}},"8":{"start":{"line":36,"column":19},"end":{"line":36,"column":69}},"9":{"start":{"line":37,"column":6},"end":{"line":37,"column":17}},"10":{"start":{"line":39,"column":6},"end":{"line":39,"column":17}},"11":{"start":{"line":44,"column":4},"end":{"line":49,"column":5}},"12":{"start":{"line":45,"column":26},"end":{"line":45,"column":85}},"13":{"start":{"line":46,"column":6},"end":{"line":46,"column":106}},"14":{"start":{"line":48,"column":6},"end":{"line":48,"column":17}},"15":{"start":{"line":53,"column":4},"end":{"line":58,"column":5}},"16":{"start":{"line":54,"column":26},"end":{"line":54,"column":69}},"17":{"start":{"line":55,"column":6},"end":{"line":55,"column":25}},"18":{"start":{"line":57,"column":6},"end":{"line":57,"column":17}},"19":{"start":{"line":62,"column":4},"end":{"line":66,"column":5}},"20":{"start":{"line":63,"column":6},"end":{"line":63,"column":70}},"21":{"start":{"line":65,"column":6},"end":{"line":65,"column":17}}},"fnMap":{"0":{"name":"(anonymous_0)","decl":{"start":{"line":14,"column":2},"end":{"line":14,"column":3}},"loc":{"start":{"line":14,"column":57},"end":{"line":20,"column":3}},"line":14},"1":{"name":"(anonymous_1)","decl":{"start":{"line":22,"column":2},"end":{"line":22,"column":3}},"loc":{"start":{"line":22,"column":72},"end":{"line":32,"column":3}},"line":22},"2":{"name":"(anonymous_2)","decl":{"start":{"line":34,"column":2},"end":{"line":34,"column":3}},"loc":{"start":{"line":34,"column":67},"end":{"line":41,"column":3}},"line":34},"3":{"name":"(anonymous_3)","decl":{"start":{"line":43,"column":2},"end":{"line":43,"column":3}},"loc":{"start":{"line":43,"column":85},"end":{"line":50,"column":3}},"line":43},"4":{"name":"(anonymous_4)","decl":{"start":{"line":52,"column":2},"end":{"line":52,"column":3}},"loc":{"start":{"line":52,"column":60},"end":{"line":59,"column":3}},"line":52},"5":{"name":"(anonymous_5)","decl":{"start":{"line":61,"column":2},"end":{"line":61,"column":3}},"loc":{"start":{"line":61,"column":46},"end":{"line":67,"column":3}},"line":61}},"branchMap":{},"s":{"0":0,"1":0,"2":0,"3":0,"4":0,"5":0,"6":0,"7":0,"8":0,"9":0,"10":0,"11":0,"12":0,"13":0,"14":0,"15":0,"16":0,"17":0,"18":0,"19":0,"20":0,"21":0},"f":{"0":0,"1":0,"2":0,"3":0,"4":0,"5":0},"b":{},"_coverageSchema":"1a1c01bbd47fc00a2c39e90264f33305004495a9","hash":"1b2c933b8292419d886d312d88613ba5a076a5ba"}
,"/home/matheus/Área de Trabalho/project-Triibo-backend-MatheusCintra/src/services/UserService.ts": {"path":"/home/matheus/Área de Trabalho/project-Triibo-backend-MatheusCintra/src/services/UserService.ts","statementMap":{"0":{"start":{"line":11,"column":21},"end":{"line":11,"column":39}},"1":{"start":{"line":13,"column":18},"end":{"line":13,"column":33}},"2":{"start":{"line":17,"column":59},"end":{"line":17,"column":61}},"3":{"start":{"line":21,"column":29},"end":{"line":21,"column":75}},"4":{"start":{"line":23,"column":4},"end":{"line":25,"column":5}},"5":{"start":{"line":24,"column":6},"end":{"line":24,"column":45}},"6":{"start":{"line":27,"column":4},"end":{"line":29,"column":5}},"7":{"start":{"line":28,"column":6},"end":{"line":28,"column":56}},"8":{"start":{"line":32,"column":4},"end":{"line":34,"column":5}},"9":{"start":{"line":33,"column":6},"end":{"line":33,"column":70}},"10":{"start":{"line":36,"column":4},"end":{"line":49,"column":5}},"11":{"start":{"line":37,"column":6},"end":{"line":37,"column":50}},"12":{"start":{"line":38,"column":6},"end":{"line":40,"column":7}},"13":{"start":{"line":39,"column":8},"end":{"line":39,"column":71}},"14":{"start":{"line":41,"column":26},"end":{"line":41,"column":62}},"15":{"start":{"line":43,"column":6},"end":{"line":46,"column":7}},"16":{"start":{"line":48,"column":6},"end":{"line":48,"column":18}},"17":{"start":{"line":53,"column":4},"end":{"line":58,"column":5}},"18":{"start":{"line":54,"column":19},"end":{"line":54,"column":50}},"19":{"start":{"line":55,"column":6},"end":{"line":55,"column":18}},"20":{"start":{"line":57,"column":8},"end":{"line":57,"column":20}},"21":{"start":{"line":62,"column":4},"end":{"line":67,"column":5}},"22":{"start":{"line":63,"column":19},"end":{"line":63,"column":56}},"23":{"start":{"line":64,"column":6},"end":{"line":64,"column":18}},"24":{"start":{"line":66,"column":8},"end":{"line":66,"column":20}},"25":{"start":{"line":71,"column":59},"end":{"line":71,"column":61}},"26":{"start":{"line":75,"column":4},"end":{"line":108,"column":5}},"27":{"start":{"line":76,"column":29},"end":{"line":76,"column":60}},"28":{"start":{"line":77,"column":8},"end":{"line":79,"column":9}},"29":{"start":{"line":78,"column":12},"end":{"line":78,"column":46}},"30":{"start":{"line":81,"column":8},"end":{"line":86,"column":9}},"31":{"start":{"line":82,"column":12},"end":{"line":82,"column":62}},"32":{"start":{"line":83,"column":12},"end":{"line":85,"column":13}},"33":{"start":{"line":84,"column":14},"end":{"line":84,"column":108}},"34":{"start":{"line":88,"column":32},"end":{"line":88,"column":73}},"35":{"start":{"line":90,"column":8},"end":{"line":98,"column":9}},"36":{"start":{"line":91,"column":10},"end":{"line":97,"column":11}},"37":{"start":{"line":93,"column":14},"end":{"line":93,"column":72}},"38":{"start":{"line":96,"column":14},"end":{"line":96,"column":72}},"39":{"start":{"line":101,"column":8},"end":{"line":103,"column":9}},"40":{"start":{"line":102,"column":10},"end":{"line":102,"column":65}},"41":{"start":{"line":105,"column":8},"end":{"line":105,"column":48}},"42":{"start":{"line":107,"column":8},"end":{"line":107,"column":20}},"43":{"start":{"line":112,"column":4},"end":{"line":116,"column":5}},"44":{"start":{"line":113,"column":6},"end":{"line":113,"column":43}},"45":{"start":{"line":115,"column":6},"end":{"line":115,"column":18}},"46":{"start":{"line":121,"column":4},"end":{"line":137,"column":5}},"47":{"start":{"line":122,"column":27},"end":{"line":122,"column":58}},"48":{"start":{"line":124,"column":6},"end":{"line":126,"column":7}},"49":{"start":{"line":125,"column":10},"end":{"line":125,"column":44}},"50":{"start":{"line":128,"column":6},"end":{"line":130,"column":7}},"51":{"start":{"line":129,"column":8},"end":{"line":129,"column":53}},"52":{"start":{"line":133,"column":6},"end":{"line":133,"column":38}},"53":{"start":{"line":136,"column":8},"end":{"line":136,"column":20}}},"fnMap":{"0":{"name":"(anonymous_0)","decl":{"start":{"line":16,"column":2},"end":{"line":16,"column":3}},"loc":{"start":{"line":16,"column":59},"end":{"line":50,"column":3}},"line":16},"1":{"name":"(anonymous_1)","decl":{"start":{"line":52,"column":2},"end":{"line":52,"column":3}},"loc":{"start":{"line":52,"column":39},"end":{"line":59,"column":3}},"line":52},"2":{"name":"(anonymous_2)","decl":{"start":{"line":61,"column":2},"end":{"line":61,"column":3}},"loc":{"start":{"line":61,"column":45},"end":{"line":68,"column":3}},"line":61},"3":{"name":"(anonymous_3)","decl":{"start":{"line":70,"column":2},"end":{"line":70,"column":3}},"loc":{"start":{"line":70,"column":71},"end":{"line":109,"column":3}},"line":70},"4":{"name":"(anonymous_4)","decl":{"start":{"line":111,"column":2},"end":{"line":111,"column":3}},"loc":{"start":{"line":111,"column":25},"end":{"line":118,"column":3}},"line":111},"5":{"name":"(anonymous_5)","decl":{"start":{"line":120,"column":2},"end":{"line":120,"column":3}},"loc":{"start":{"line":120,"column":37},"end":{"line":138,"column":3}},"line":120}},"branchMap":{"0":{"loc":{"start":{"line":23,"column":4},"end":{"line":25,"column":5}},"type":"if","locations":[{"start":{"line":23,"column":4},"end":{"line":25,"column":5}},{"start":{},"end":{}}],"line":23},"1":{"loc":{"start":{"line":27,"column":4},"end":{"line":29,"column":5}},"type":"if","locations":[{"start":{"line":27,"column":4},"end":{"line":29,"column":5}},{"start":{},"end":{}}],"line":27},"2":{"loc":{"start":{"line":32,"column":4},"end":{"line":34,"column":5}},"type":"if","locations":[{"start":{"line":32,"column":4},"end":{"line":34,"column":5}},{"start":{},"end":{}}],"line":32},"3":{"loc":{"start":{"line":32,"column":7},"end":{"line":32,"column":42}},"type":"binary-expr","locations":[{"start":{"line":32,"column":7},"end":{"line":32,"column":14}},{"start":{"line":32,"column":18},"end":{"line":32,"column":42}}],"line":32},"4":{"loc":{"start":{"line":38,"column":6},"end":{"line":40,"column":7}},"type":"if","locations":[{"start":{"line":38,"column":6},"end":{"line":40,"column":7}},{"start":{},"end":{}}],"line":38},"5":{"loc":{"start":{"line":77,"column":8},"end":{"line":79,"column":9}},"type":"if","locations":[{"start":{"line":77,"column":8},"end":{"line":79,"column":9}},{"start":{},"end":{}}],"line":77},"6":{"loc":{"start":{"line":81,"column":8},"end":{"line":86,"column":9}},"type":"if","locations":[{"start":{"line":81,"column":8},"end":{"line":86,"column":9}},{"start":{},"end":{}}],"line":81},"7":{"loc":{"start":{"line":83,"column":12},"end":{"line":85,"column":13}},"type":"if","locations":[{"start":{"line":83,"column":12},"end":{"line":85,"column":13}},{"start":{},"end":{}}],"line":83},"8":{"loc":{"start":{"line":90,"column":8},"end":{"line":98,"column":9}},"type":"if","locations":[{"start":{"line":90,"column":8},"end":{"line":98,"column":9}},{"start":{},"end":{}}],"line":90},"9":{"loc":{"start":{"line":91,"column":10},"end":{"line":97,"column":11}},"type":"if","locations":[{"start":{"line":91,"column":10},"end":{"line":97,"column":11}},{"start":{"line":94,"column":17},"end":{"line":97,"column":11}}],"line":91},"10":{"loc":{"start":{"line":91,"column":14},"end":{"line":91,"column":68}},"type":"binary-expr","locations":[{"start":{"line":91,"column":14},"end":{"line":91,"column":29}},{"start":{"line":91,"column":33},"end":{"line":91,"column":68}}],"line":91},"11":{"loc":{"start":{"line":101,"column":8},"end":{"line":103,"column":9}},"type":"if","locations":[{"start":{"line":101,"column":8},"end":{"line":103,"column":9}},{"start":{},"end":{}}],"line":101},"12":{"loc":{"start":{"line":124,"column":6},"end":{"line":126,"column":7}},"type":"if","locations":[{"start":{"line":124,"column":6},"end":{"line":126,"column":7}},{"start":{},"end":{}}],"line":124},"13":{"loc":{"start":{"line":128,"column":6},"end":{"line":130,"column":7}},"type":"if","locations":[{"start":{"line":128,"column":6},"end":{"line":130,"column":7}},{"start":{},"end":{}}],"line":128}},"s":{"0":1,"1":1,"2":0,"3":0,"4":0,"5":0,"6":0,"7":0,"8":0,"9":0,"10":0,"11":0,"12":0,"13":0,"14":0,"15":0,"16":0,"17":0,"18":0,"19":0,"20":0,"21":0,"22":0,"23":0,"24":0,"25":0,"26":0,"27":0,"28":0,"29":0,"30":0,"31":0,"32":0,"33":0,"34":0,"35":0,"36":0,"37":0,"38":0,"39":0,"40":0,"41":0,"42":0,"43":0,"44":0,"45":0,"46":0,"47":0,"48":0,"49":0,"50":0,"51":0,"52":0,"53":0},"f":{"0":0,"1":0,"2":0,"3":0,"4":0,"5":0},"b":{"0":[0,0],"1":[0,0],"2":[0,0],"3":[0,0],"4":[0,0],"5":[0,0],"6":[0,0],"7":[0,0],"8":[0,0],"9":[0,0],"10":[0,0],"11":[0,0],"12":[0,0],"13":[0,0]},"_coverageSchema":"1a1c01bbd47fc00a2c39e90264f33305004495a9","hash":"b101f7e4b6f80b91d0b9710ba85dcba3d3173c05"}
,"/home/matheus/Área de Trabalho/project-Triibo-backend-MatheusCintra/src/utils/searchZipCode.ts": {"path":"/home/matheus/Área de Trabalho/project-Triibo-backend-MatheusCintra/src/utils/searchZipCode.ts","statementMap":{"0":{"start":{"line":6,"column":17},"end":{"line":6,"column":60}},"1":{"start":{"line":8,"column":2},"end":{"line":15,"column":3}},"2":{"start":{"line":9,"column":21},"end":{"line":9,"column":44}},"3":{"start":{"line":10,"column":69},"end":{"line":10,"column":82}},"4":{"start":{"line":12,"column":4},"end":{"line":12,"column":68}},"5":{"start":{"line":14,"column":4},"end":{"line":14,"column":100}}},"fnMap":{"0":{"name":"seachZipCode","decl":{"start":{"line":5,"column":22},"end":{"line":5,"column":34}},"loc":{"start":{"line":5,"column":82},"end":{"line":16,"column":1}},"line":5}},"branchMap":{},"s":{"0":0,"1":0,"2":0,"3":0,"4":0,"5":0},"f":{"0":0},"b":{},"_coverageSchema":"1a1c01bbd47fc00a2c39e90264f33305004495a9","hash":"1336eb9cb28cbe7ab702faa40f879200c936df93"}
,"/home/matheus/Área de Trabalho/project-Triibo-backend-MatheusCintra/src/utils/validateUserData.ts": {"path":"/home/matheus/Área de Trabalho/project-Triibo-backend-MatheusCintra/src/utils/validateUserData.ts","statementMap":{"0":{"start":{"line":5,"column":23},"end":{"line":23,"column":6}},"1":{"start":{"line":25,"column":4},"end":{"line":25,"column":47}},"2":{"start":{"line":26,"column":4},"end":{"line":26,"column":42}}},"fnMap":{"0":{"name":"validateUserData","decl":{"start":{"line":4,"column":16},"end":{"line":4,"column":32}},"loc":{"start":{"line":4,"column":60},"end":{"line":27,"column":1}},"line":4}},"branchMap":{},"s":{"0":0,"1":0,"2":0},"f":{"0":0},"b":{},"_coverageSchema":"1a1c01bbd47fc00a2c39e90264f33305004495a9","hash":"6848155ee0532d44b6b3278bacef1d8b86d57072"}
}
