TN:
SF:src/controllers/UserController.ts
FN:20,(anonymous_0)
FN:29,(anonymous_1)
FN:50,(anonymous_2)
FN:78,(anonymous_3)
FN:114,(anonymous_4)
FNF:5
FNH:0
FNDA:0,(anonymous_0)
FNDA:0,(anonymous_1)
FNDA:0,(anonymous_2)
FNDA:0,(anonymous_3)
FNDA:0,(anonymous_4)
DA:12,1
DA:15,1
DA:21,0
DA:22,0
DA:23,0
DA:25,0
DA:30,0
DA:31,0
DA:33,0
DA:34,0
DA:35,0
DA:38,0
DA:39,0
DA:40,0
DA:41,0
DA:44,0
DA:46,0
DA:51,0
DA:53,0
DA:55,0
DA:56,0
DA:57,0
DA:60,0
DA:62,0
DA:63,0
DA:64,0
DA:66,0
DA:68,0
DA:70,0
DA:71,0
DA:73,0
DA:79,0
DA:80,0
DA:82,0
DA:84,0
DA:86,0
DA:87,0
DA:88,0
DA:91,0
DA:93,0
DA:94,0
DA:95,0
DA:98,0
DA:99,0
DA:100,0
DA:102,0
DA:103,0
DA:105,0
DA:106,0
DA:108,0
DA:115,0
DA:116,0
DA:118,0
DA:119,0
DA:120,0
DA:124,0
DA:125,0
DA:126,0
DA:129,0
DA:130,0
DA:132,0
LF:61
LH:2
BRDA:33,0,0,0
BRDA:33,0,1,0
BRDA:40,1,0,0
BRDA:40,1,1,0
BRDA:55,2,0,0
BRDA:55,2,1,0
BRDA:70,3,0,0
BRDA:70,3,1,0
BRDA:86,4,0,0
BRDA:86,4,1,0
BRDA:93,5,0,0
BRDA:93,5,1,0
BRDA:105,6,0,0
BRDA:105,6,1,0
BRDA:118,7,0,0
BRDA:118,7,1,0
BRDA:129,8,0,0
BRDA:129,8,1,0
BRF:18
BRH:0
end_of_record
TN:
SF:src/lib/prisma.ts
FNF:0
FNH:0
DA:3,1
LF:1
LH:1
BRF:0
BRH:0
end_of_record
TN:
SF:src/models/AddressModel.ts
FN:7,(anonymous_0)
FN:21,(anonymous_1)
FN:30,(anonymous_2)
FN:50,(anonymous_3)
FNF:4
FNH:0
FNDA:0,(anonymous_0)
FNDA:0,(anonymous_1)
FNDA:0,(anonymous_2)
FNDA:0,(anonymous_3)
DA:8,0
DA:22,0
DA:27,0
DA:31,0
DA:33,0
DA:34,0
DA:37,0
DA:51,0
LF:8
LH:0
BRDA:33,0,0,0
BRDA:33,0,1,0
BRF:2
BRH:0
end_of_record
TN:
SF:src/models/UserModel.ts
FN:14,(anonymous_0)
FN:22,(anonymous_1)
FN:34,(anonymous_2)
FN:43,(anonymous_3)
FN:52,(anonymous_4)
FN:61,(anonymous_5)
FNF:6
FNH:0
FNDA:0,(anonymous_0)
FNDA:0,(anonymous_1)
FNDA:0,(anonymous_2)
FNDA:0,(anonymous_3)
FNDA:0,(anonymous_4)
FNDA:0,(anonymous_5)
DA:15,0
DA:16,0
DA:18,0
DA:23,0
DA:24,0
DA:28,0
DA:30,0
DA:35,0
DA:36,0
DA:37,0
DA:39,0
DA:44,0
DA:45,0
DA:46,0
DA:48,0
DA:53,0
DA:54,0
DA:55,0
DA:57,0
DA:62,0
DA:63,0
DA:65,0
LF:22
LH:0
BRF:0
BRH:0
end_of_record
TN:
SF:src/services/UserService.ts
FN:16,(anonymous_0)
FN:52,(anonymous_1)
FN:61,(anonymous_2)
FN:70,(anonymous_3)
FN:111,(anonymous_4)
FN:120,(anonymous_5)
FNF:6
FNH:0
FNDA:0,(anonymous_0)
FNDA:0,(anonymous_1)
FNDA:0,(anonymous_2)
FNDA:0,(anonymous_3)
FNDA:0,(anonymous_4)
FNDA:0,(anonymous_5)
DA:11,1
DA:13,1
DA:17,0
DA:21,0
DA:23,0
DA:24,0
DA:27,0
DA:28,0
DA:32,0
DA:33,0
DA:36,0
DA:37,0
DA:38,0
DA:39,0
DA:41,0
DA:43,0
DA:48,0
DA:53,0
DA:54,0
DA:55,0
DA:57,0
DA:62,0
DA:63,0
DA:64,0
DA:66,0
DA:71,0
DA:75,0
DA:76,0
DA:77,0
DA:78,0
DA:81,0
DA:82,0
DA:83,0
DA:84,0
DA:88,0
DA:90,0
DA:91,0
DA:93,0
DA:96,0
DA:101,0
DA:102,0
DA:105,0
DA:107,0
DA:112,0
DA:113,0
DA:115,0
DA:121,0
DA:122,0
DA:124,0
DA:125,0
DA:128,0
DA:129,0
DA:133,0
DA:136,0
LF:54
LH:2
BRDA:23,0,0,0
BRDA:23,0,1,0
BRDA:27,1,0,0
BRDA:27,1,1,0
BRDA:32,2,0,0
BRDA:32,2,1,0
BRDA:32,3,0,0
BRDA:32,3,1,0
BRDA:38,4,0,0
BRDA:38,4,1,0
BRDA:77,5,0,0
BRDA:77,5,1,0
BRDA:81,6,0,0
BRDA:81,6,1,0
BRDA:83,7,0,0
BRDA:83,7,1,0
BRDA:90,8,0,0
BRDA:90,8,1,0
BRDA:91,9,0,0
BRDA:91,9,1,0
BRDA:91,10,0,0
BRDA:91,10,1,0
BRDA:101,11,0,0
BRDA:101,11,1,0
BRDA:124,12,0,0
BRDA:124,12,1,0
BRDA:128,13,0,0
BRDA:128,13,1,0
BRF:28
BRH:0
end_of_record
TN:
SF:src/utils/searchZipCode.ts
FN:5,seachZipCode
FNF:1
FNH:0
FNDA:0,seachZipCode
DA:6,0
DA:8,0
DA:9,0
DA:10,0
DA:12,0
DA:14,0
LF:6
LH:0
BRF:0
BRH:0
end_of_record
TN:
SF:src/utils/validateUserData.ts
FN:4,validateUserData
FNF:1
FNH:0
FNDA:0,validateUserData
DA:5,0
DA:25,0
DA:26,0
LF:3
LH:0
BRF:0
BRH:0
end_of_record
